Language: French 
Model: CustomedBiLstm(
  (char_embedding_layer): Embedding(111, 100)
  (lower_LSTM): LSTM(100, 100, batch_first=True)
  (word_embedding_layer): Embedding(8456, 128)
  (upper_LSTM): LSTM(228, 100, bidirectional=True)
  (hidden_to_tag): Linear(in_features=200, out_features=16, bias=True)
) 
Config: {'n_epochs': 20, 'word_embed_dim': 128, 'char_embed_dim': 100, 'char_hidden_dim': 100, 'word_hidden_dim': 100, 'optimizer': 'Adam', 'lr': 0.0001, 'use_gpu': True, 'save_model': True}	 traing the model with 2231 sample took 20.9268 
	 evaluation train split took 6.4478 
	 evaluation dev took 1.2330 
	 one epoch took 28.6076 
epoch: 1, loss: 1896.1470, train acc: 0.926, dev acc: 0.887 
	 traing the model with 2231 sample took 20.9780 
	 evaluation train split took 6.4573 
	 evaluation dev took 1.2319 
	 one epoch took 28.6672 
epoch: 2, loss: 500.8979, train acc: 0.976, dev acc: 0.933 
	 traing the model with 2231 sample took 20.9502 
	 evaluation train split took 6.4419 
	 evaluation dev took 1.2308 
	 one epoch took 28.6228 
epoch: 3, loss: 186.5369, train acc: 0.985, dev acc: 0.929 
	 traing the model with 2231 sample took 20.9418 
	 evaluation train split took 6.4679 
	 evaluation dev took 1.2326 
	 one epoch took 28.6424 
epoch: 4, loss: 103.8085, train acc: 0.988, dev acc: 0.936 
	 traing the model with 2231 sample took 21.0351 
	 evaluation train split took 6.4541 
	 evaluation dev took 1.2380 
	 one epoch took 28.7271 
epoch: 5, loss: 78.9294, train acc: 0.992, dev acc: 0.927 
	 traing the model with 2231 sample took 21.0076 
	 evaluation train split took 6.4439 
	 evaluation dev took 1.2294 
	 one epoch took 28.6810 
epoch: 6, loss: 67.3695, train acc: 0.993, dev acc: 0.926 
	 traing the model with 2231 sample took 20.8850 
	 evaluation train split took 6.4557 
	 evaluation dev took 1.2330 
	 one epoch took 28.5737 
epoch: 7, loss: 58.0784, train acc: 0.994, dev acc: 0.934 
	 traing the model with 2231 sample took 20.8455 
	 evaluation train split took 6.4451 
	 evaluation dev took 1.2312 
	 one epoch took 28.5218 
epoch: 8, loss: 39.4076, train acc: 0.996, dev acc: 0.933 
	 traing the model with 2231 sample took 21.0708 
	 evaluation train split took 6.4381 
	 evaluation dev took 1.2305 
	 one epoch took 28.7394 
epoch: 9, loss: 29.1934, train acc: 0.996, dev acc: 0.927 
	 traing the model with 2231 sample took 20.9102 
	 evaluation train split took 6.4286 
	 evaluation dev took 1.2379 
	 one epoch took 28.5767 
epoch: 10, loss: 31.6694, train acc: 0.997, dev acc: 0.930 
	 traing the model with 2231 sample took 21.0240 
	 evaluation train split took 6.4325 
	 evaluation dev took 1.2309 
	 one epoch took 28.6874 
epoch: 11, loss: 33.1101, train acc: 0.996, dev acc: 0.930 
	 traing the model with 2231 sample took 20.9667 
	 evaluation train split took 6.4576 
	 evaluation dev took 1.2362 
	 one epoch took 28.6606 
epoch: 12, loss: 31.5038, train acc: 0.996, dev acc: 0.927 
	 traing the model with 2231 sample took 21.0184 
	 evaluation train split took 6.4489 
	 evaluation dev took 1.2315 
	 one epoch took 28.6988 
epoch: 13, loss: 35.1955, train acc: 0.997, dev acc: 0.927 
	 traing the model with 2231 sample took 21.0340 
	 evaluation train split took 6.4480 
	 evaluation dev took 1.2333 
	 one epoch took 28.7154 
epoch: 14, loss: 28.0216, train acc: 0.997, dev acc: 0.928 
	 traing the model with 2231 sample took 20.9879 
	 evaluation train split took 6.4548 
	 evaluation dev took 1.2334 
	 one epoch took 28.6761 
epoch: 15, loss: 27.4459, train acc: 0.997, dev acc: 0.930 
	 traing the model with 2231 sample took 21.0747 
	 evaluation train split took 6.4409 
	 evaluation dev took 1.2316 
	 one epoch took 28.7472 
epoch: 16, loss: 24.8990, train acc: 0.997, dev acc: 0.931 
	 traing the model with 2231 sample took 20.9317 
	 evaluation train split took 6.4430 
	 evaluation dev took 1.2352 
	 one epoch took 28.6100 
epoch: 17, loss: 19.3250, train acc: 0.998, dev acc: 0.933 
	 traing the model with 2231 sample took 20.9613 
	 evaluation train split took 6.4414 
	 evaluation dev took 1.2284 
	 one epoch took 28.6312 
epoch: 18, loss: 23.7846, train acc: 0.998, dev acc: 0.935 
	 traing the model with 2231 sample took 21.0555 
	 evaluation train split took 6.4461 
	 evaluation dev took 1.2300 
	 one epoch took 28.7317 
epoch: 19, loss: 19.7674, train acc: 0.997, dev acc: 0.925 
	 traing the model with 2231 sample took 20.9473 
	 evaluation train split took 6.4454 
	 evaluation dev took 1.2284 
	 one epoch took 28.6212 
epoch: 20, loss: 21.6605, train acc: 0.998, dev acc: 0.928 
test acc: 0.927% 
