Language: Latvian 
Model: CustomedBiLstm(
  (char_embedding_layer): Embedding(123, 100)
  (lower_LSTM): LSTM(100, 100, batch_first=True)
  (word_embedding_layer): Embedding(28531, 128)
  (upper_LSTM): LSTM(228, 100, bidirectional=True)
  (hidden_to_tag): Linear(in_features=200, out_features=17, bias=True)
) 
Config: {'n_epochs': 20, 'word_embed_dim': 128, 'char_embed_dim': 100, 'char_hidden_dim': 100, 'word_hidden_dim': 100, 'optimizer': 'Adam', 'lr': 0.0001, 'use_gpu': True, 'save_model': True}	 traing the model with 7163 sample took 99.1984 
	 evaluation train split took 15.5775 
	 evaluation dev took 2.7763 
	 one epoch took 117.5523 
epoch: 1, loss: 5610.9580, train acc: 0.927, dev acc: 0.825 
	 traing the model with 7163 sample took 104.6010 
	 evaluation train split took 19.8030 
	 evaluation dev took 2.7669 
	 one epoch took 127.1709 
epoch: 2, loss: 1719.2041, train acc: 0.948, dev acc: 0.818 
	 traing the model with 7163 sample took 106.3902 
	 evaluation train split took 19.1100 
	 evaluation dev took 3.0421 
	 one epoch took 128.5423 
epoch: 3, loss: 1196.1589, train acc: 0.961, dev acc: 0.834 
	 traing the model with 7163 sample took 107.5023 
	 evaluation train split took 18.5639 
	 evaluation dev took 5.9231 
	 one epoch took 131.9893 
epoch: 4, loss: 939.7352, train acc: 0.964, dev acc: 0.817 
	 traing the model with 7163 sample took 115.2679 
	 evaluation train split took 15.6039 
	 evaluation dev took 2.7762 
	 one epoch took 133.6480 
epoch: 5, loss: 849.8975, train acc: 0.968, dev acc: 0.836 
	 traing the model with 7163 sample took 110.4634 
	 evaluation train split took 15.6571 
	 evaluation dev took 2.7785 
	 one epoch took 128.8991 
epoch: 6, loss: 775.0897, train acc: 0.971, dev acc: 0.828 
	 traing the model with 7163 sample took 108.3356 
	 evaluation train split took 17.6352 
	 evaluation dev took 2.7887 
	 one epoch took 128.7596 
epoch: 7, loss: 765.0353, train acc: 0.971, dev acc: 0.827 
	 traing the model with 7163 sample took 108.0969 
	 evaluation train split took 17.3936 
	 evaluation dev took 2.7791 
	 one epoch took 128.2696 
epoch: 8, loss: 729.1685, train acc: 0.972, dev acc: 0.834 
	 traing the model with 7163 sample took 110.0570 
	 evaluation train split took 16.5559 
	 evaluation dev took 2.7670 
	 one epoch took 129.3799 
epoch: 9, loss: 718.8407, train acc: 0.973, dev acc: 0.829 
	 traing the model with 7163 sample took 108.0557 
	 evaluation train split took 17.4715 
	 evaluation dev took 2.7764 
	 one epoch took 128.3037 
epoch: 10, loss: 688.8589, train acc: 0.975, dev acc: 0.832 
	 traing the model with 7163 sample took 107.7549 
	 evaluation train split took 17.3200 
	 evaluation dev took 2.7761 
	 one epoch took 127.8511 
epoch: 11, loss: 664.7003, train acc: 0.975, dev acc: 0.828 
	 traing the model with 7163 sample took 106.8931 
	 evaluation train split took 15.4950 
	 evaluation dev took 2.7568 
	 one epoch took 125.1449 
epoch: 12, loss: 653.6816, train acc: 0.974, dev acc: 0.835 
	 traing the model with 7163 sample took 110.9191 
	 evaluation train split took 15.4874 
	 evaluation dev took 2.7548 
	 one epoch took 129.1613 
epoch: 13, loss: 646.2203, train acc: 0.975, dev acc: 0.823 
	 traing the model with 7163 sample took 110.6601 
	 evaluation train split took 17.0847 
	 evaluation dev took 2.7901 
	 one epoch took 130.5349 
epoch: 14, loss: 673.6693, train acc: 0.975, dev acc: 0.833 
	 traing the model with 7163 sample took 110.8514 
	 evaluation train split took 17.2679 
	 evaluation dev took 2.7948 
	 one epoch took 130.9141 
epoch: 15, loss: 646.9862, train acc: 0.975, dev acc: 0.829 
	 traing the model with 7163 sample took 111.5879 
	 evaluation train split took 16.9961 
	 evaluation dev took 2.7799 
	 one epoch took 131.3639 
epoch: 16, loss: 641.8873, train acc: 0.976, dev acc: 0.832 
	 traing the model with 7163 sample took 112.7164 
	 evaluation train split took 19.1863 
	 evaluation dev took 2.7742 
	 one epoch took 134.6768 
epoch: 17, loss: 616.3378, train acc: 0.977, dev acc: 0.832 
	 traing the model with 7163 sample took 113.8013 
	 evaluation train split took 16.7897 
	 evaluation dev took 2.7565 
	 one epoch took 133.3475 
epoch: 18, loss: 593.3879, train acc: 0.977, dev acc: 0.829 
	 traing the model with 7163 sample took 114.0273 
	 evaluation train split took 18.4237 
	 evaluation dev took 2.9020 
	 one epoch took 135.3530 
epoch: 19, loss: 621.1823, train acc: 0.976, dev acc: 0.824 
	 traing the model with 7163 sample took 114.4163 
	 evaluation train split took 18.2585 
	 evaluation dev took 2.7964 
	 one epoch took 135.4712 
epoch: 20, loss: 602.3123, train acc: 0.977, dev acc: 0.829 
test acc: 0.816% 
