Language: Vietnamese 
Repo: /home/tri/Mien/MiniProjects/POSTagger_Pytorch/data/ud-treebanks-v2.3/UD_Vietnamese-VTB 
Number of tokens: 43754Train size: 1400Dev size: 800Test size: 800Model: CustomedBiLstm(
  (char_embedding_layer): Embedding(153, 100)
  (lower_LSTM): LSTM(100, 100, batch_first=True)
  (word_embedding_layer): Embedding(3628, 128)
  (upper_LSTM): LSTM(228, 100, bidirectional=True)
  (hidden_to_tag): Linear(in_features=200, out_features=14, bias=True)
) 
Config: {'n_epochs': 20, 'word_embed_dim': 128, 'char_embed_dim': 100, 'char_hidden_dim': 100, 'word_hidden_dim': 100, 'optimizer': 'Adam', 'lr': 0.0001, 'use_gpu': True, 'save_model': True}
epoch: 0
	 traing the model with 1400 sample took 10.6953 
	 evaluation train split took 3.4444 
	 evaluation dev took 2.0908 
	 one epoch took 16.2305 
	 loss: 1466.2329, train acc: 0.891, dev acc: 0.824 
epoch: 1
	 traing the model with 1400 sample took 11.7173 
	 evaluation train split took 3.3309 
	 evaluation dev took 1.9156 
	 one epoch took 16.9638 
	 loss: 475.8876, train acc: 0.942, dev acc: 0.848 
epoch: 2
	 traing the model with 1400 sample took 10.3676 
	 evaluation train split took 3.3981 
	 evaluation dev took 1.8695 
	 one epoch took 15.6352 
	 loss: 257.7444, train acc: 0.963, dev acc: 0.858 
epoch: 3
	 traing the model with 1400 sample took 11.0213 
	 evaluation train split took 3.9638 
	 evaluation dev took 2.0581 
	 one epoch took 17.0432 
	 loss: 170.8071, train acc: 0.975, dev acc: 0.860 
epoch: 4
	 traing the model with 1400 sample took 10.9829 
	 evaluation train split took 4.0300 
	 evaluation dev took 2.3273 
	 one epoch took 17.3402 
	 loss: 118.0388, train acc: 0.983, dev acc: 0.862 
epoch: 5
	 traing the model with 1400 sample took 11.4773 
	 evaluation train split took 3.6268 
	 evaluation dev took 2.6200 
	 one epoch took 17.7241 
	 loss: 92.0389, train acc: 0.987, dev acc: 0.861 
epoch: 6
	 traing the model with 1400 sample took 12.9879 
	 evaluation train split took 3.6144 
	 evaluation dev took 2.2128 
	 one epoch took 18.8152 
	 loss: 69.7442, train acc: 0.990, dev acc: 0.865 
epoch: 7
	 traing the model with 1400 sample took 11.2404 
	 evaluation train split took 3.6946 
	 evaluation dev took 1.9666 
	 one epoch took 16.9016 
	 loss: 62.3202, train acc: 0.993, dev acc: 0.864 
epoch: 8
	 traing the model with 1400 sample took 9.7868 
	 evaluation train split took 3.2948 
	 evaluation dev took 2.0201 
	 one epoch took 15.1017 
	 loss: 42.2412, train acc: 0.993, dev acc: 0.858 
epoch: 9
	 traing the model with 1400 sample took 10.2955 
	 evaluation train split took 3.1910 
	 evaluation dev took 1.5802 
	 one epoch took 15.0667 
	 loss: 32.9169, train acc: 0.995, dev acc: 0.863 
epoch: 10
	 traing the model with 1400 sample took 10.7811 
	 evaluation train split took 3.7311 
	 evaluation dev took 1.6923 
	 one epoch took 16.2046 
	 loss: 30.4806, train acc: 0.995, dev acc: 0.860 
epoch: 11
	 traing the model with 1400 sample took 10.4819 
	 evaluation train split took 3.7006 
	 evaluation dev took 1.6336 
	 one epoch took 15.8161 
	 loss: 31.3869, train acc: 0.994, dev acc: 0.859 
epoch: 12
	 traing the model with 1400 sample took 8.2389 
	 evaluation train split took 2.8217 
	 evaluation dev took 1.6134 
	 one epoch took 12.6741 
	 loss: 31.9441, train acc: 0.994, dev acc: 0.858 
epoch: 13
	 traing the model with 1400 sample took 8.1205 
	 evaluation train split took 2.8239 
	 evaluation dev took 1.6121 
	 one epoch took 12.5566 
	 loss: 24.9895, train acc: 0.996, dev acc: 0.865 
epoch: 14
	 traing the model with 1400 sample took 8.1324 
	 evaluation train split took 2.8264 
	 evaluation dev took 1.6055 
	 one epoch took 12.5643 
	 loss: 22.1623, train acc: 0.996, dev acc: 0.862 
epoch: 15
	 traing the model with 1400 sample took 8.1228 
	 evaluation train split took 2.8318 
	 evaluation dev took 1.6050 
	 one epoch took 12.5597 
	 loss: 21.4645, train acc: 0.996, dev acc: 0.858 
epoch: 16
	 traing the model with 1400 sample took 8.5409 
	 evaluation train split took 2.8144 
	 evaluation dev took 1.5942 
	 one epoch took 12.9495 
	 loss: 31.2685, train acc: 0.993, dev acc: 0.854 
epoch: 17
	 traing the model with 1400 sample took 8.6642 
	 evaluation train split took 3.5712 
	 evaluation dev took 2.2353 
	 one epoch took 14.4707 
	 loss: 23.6127, train acc: 0.995, dev acc: 0.858 
epoch: 18
	 traing the model with 1400 sample took 10.2939 
	 evaluation train split took 3.3858 
	 evaluation dev took 1.8800 
	 one epoch took 15.5598 
	 loss: 24.2738, train acc: 0.996, dev acc: 0.857 
epoch: 19
	 traing the model with 1400 sample took 10.9390 
	 evaluation train split took 3.4359 
	 evaluation dev took 1.8546 
	 one epoch took 16.2295 
	 loss: 21.0263, train acc: 0.995, dev acc: 0.857 
test acc: 0.849% 
